2012-08-12 22:34:26
Traceback (most recent call last):
  File "./sftp/threads.py", line 16, in run_with_except_hook
  File "./sftp/threads.py", line 101, in handler
  File "./sftp/commands.py", line 218, in run
  File "./sftp/commands.py", line 287, in make_connection
  File "./sftp/sftp_transport.py", line 61, in connect
  File "./sftp/proc.py", line 85, in __init__
  File "./sftp/proc.py", line 94, in open
AttributeError: 'NoneType' object has no attribute 'encode'
2012-08-12 22:37:13
Traceback (most recent call last):
  File "./sftp/threads.py", line 16, in run_with_except_hook
  File "./sftp/threads.py", line 101, in handler
  File "./sftp/commands.py", line 218, in run
  File "./sftp/commands.py", line 287, in make_connection
  File "./sftp/sftp_transport.py", line 61, in connect
  File "./sftp/proc.py", line 85, in __init__
  File "./sftp/proc.py", line 94, in open
AttributeError: 'NoneType' object has no attribute 'encode'
